{
  "RSpec": {
    "coverage": {
      "/home/e6/projetos/ctrl-stock/spec/models/cidade_spec.rb": [
        1,
        null,
        1,
        1,
        2,
        2,
        null,
        null
      ],
      "/home/e6/projetos/ctrl-stock/spec/rails_helper.rb": [
        null,
        1,
        1,
        null,
        1,
        1,
        null,
        1,
        null,
        null,
        1,
        1,
        null,
        null,
        null,
        null,
        null,
        null,
        null,
        null,
        null,
        null,
        null,
        null,
        null,
        null,
        null,
        null,
        null,
        null,
        null,
        null,
        1,
        null,
        0,
        0,
        null,
        1,
        null,
        1,
        null,
        null,
        null,
        null,
        1,
        null,
        null,
        null,
        null,
        null,
        null,
        null,
        null,
        null,
        null,
        null,
        null,
        null,
        null,
        1,
        null,
        null,
        1,
        null,
        null,
        null,
        null,
        1,
        1,
        1,
        1,
        null,
        null
      ],
      "/home/e6/projetos/ctrl-stock/config/environment.rb": [
        null,
        1,
        null,
        null,
        1
      ],
      "/home/e6/projetos/ctrl-stock/config/application.rb": [
        1,
        null,
        1,
        null,
        null,
        null,
        1,
        null,
        1,
        1,
        null,
        1,
        null,
        null,
        null,
        null,
        null,
        null,
        null
      ],
      "/home/e6/projetos/ctrl-stock/config/boot.rb": [
        1,
        null,
        1,
        1
      ],
      "/home/e6/projetos/ctrl-stock/config/environments/test.rb": [
        1,
        null,
        null,
        null,
        null,
        null,
        null,
        1,
        null,
        null,
        null,
        null,
        1,
        null,
        null,
        1,
        1,
        null,
        null,
        null,
        null,
        1,
        1,
        null,
        null,
        1,
        null,
        null,
        1,
        null,
        null,
        1,
        null,
        1,
        null,
        null,
        null,
        null,
        1,
        null,
        null,
        1,
        null,
        null,
        null,
        null
      ],
      "/home/e6/projetos/ctrl-stock/config/initializers/application_controller_renderer.rb": [
        null,
        null,
        null,
        null,
        null,
        null,
        null,
        null
      ],
      "/home/e6/projetos/ctrl-stock/config/initializers/assets.rb": [
        null,
        null,
        null,
        1,
        null,
        null,
        null,
        null,
        1,
        null,
        null,
        null,
        null,
        null
      ],
      "/home/e6/projetos/ctrl-stock/config/initializers/backtrace_silencers.rb": [
        null,
        null,
        null,
        null,
        null,
        null,
        null
      ],
      "/home/e6/projetos/ctrl-stock/config/initializers/content_security_policy.rb": [
        null,
        null,
        null,
        null,
        null,
        null,
        null,
        null,
        null,
        null,
        null,
        null,
        null,
        null,
        null,
        null,
        null,
        null,
        null,
        null,
        null,
        null,
        null,
        null,
        null
      ],
      "/home/e6/projetos/ctrl-stock/config/initializers/cookies_serializer.rb": [
        null,
        null,
        null,
        null,
        1
      ],
      "/home/e6/projetos/ctrl-stock/config/initializers/filter_parameter_logging.rb": [
        null,
        null,
        null,
        1
      ],
      "/home/e6/projetos/ctrl-stock/config/initializers/inflections.rb": [
        null,
        null,
        null,
        null,
        null,
        null,
        null,
        null,
        null,
        null,
        null,
        null,
        null,
        null,
        null,
        null
      ],
      "/home/e6/projetos/ctrl-stock/config/initializers/mime_types.rb": [
        null,
        null,
        null,
        null
      ],
      "/home/e6/projetos/ctrl-stock/config/initializers/wrap_parameters.rb": [
        null,
        null,
        null,
        null,
        null,
        null,
        1,
        2,
        null,
        null,
        null,
        null,
        null,
        null
      ],
      "/home/e6/projetos/ctrl-stock/app/channels/application_cable/channel.rb": [
        1,
        1,
        null,
        null
      ],
      "/home/e6/projetos/ctrl-stock/app/channels/application_cable/connection.rb": [
        1,
        1,
        null,
        null
      ],
      "/home/e6/projetos/ctrl-stock/app/controllers/application_controller.rb": [
        1,
        null
      ],
      "/home/e6/projetos/ctrl-stock/app/helpers/application_helper.rb": [
        1,
        null
      ],
      "/home/e6/projetos/ctrl-stock/app/helpers/cidades_helper.rb": [
        1,
        null
      ],
      "/home/e6/projetos/ctrl-stock/app/helpers/enderecos_helper.rb": [
        1,
        null
      ],
      "/home/e6/projetos/ctrl-stock/app/helpers/estados_helper.rb": [
        1,
        null
      ],
      "/home/e6/projetos/ctrl-stock/app/helpers/grupo_produtos_helper.rb": [
        1,
        null
      ],
      "/home/e6/projetos/ctrl-stock/app/helpers/movimentacaos_helper.rb": [
        1,
        null
      ],
      "/home/e6/projetos/ctrl-stock/app/helpers/operacaos_helper.rb": [
        1,
        null
      ],
      "/home/e6/projetos/ctrl-stock/app/helpers/pessoas_helper.rb": [
        1,
        null
      ],
      "/home/e6/projetos/ctrl-stock/app/helpers/produtos_helper.rb": [
        1,
        null
      ],
      "/home/e6/projetos/ctrl-stock/app/helpers/unidades_helper.rb": [
        1,
        null
      ],
      "/home/e6/projetos/ctrl-stock/app/controllers/cidades_controller.rb": [
        1,
        1,
        null,
        null,
        null,
        1,
        0,
        null,
        null,
        null,
        null,
        1,
        null,
        null,
        null,
        1,
        0,
        null,
        null,
        null,
        1,
        null,
        null,
        null,
        null,
        1,
        0,
        null,
        0,
        0,
        0,
        0,
        null,
        0,
        0,
        null,
        null,
        null,
        null,
        null,
        null,
        1,
        0,
        0,
        0,
        0,
        null,
        0,
        0,
        null,
        null,
        null,
        null,
        null,
        null,
        1,
        0,
        0,
        0,
        0,
        null,
        null,
        null,
        1,
        null,
        1,
        0,
        null,
        null,
        null,
        1,
        0,
        null,
        null
      ],
      "/home/e6/projetos/ctrl-stock/app/controllers/enderecos_controller.rb": [
        1,
        1,
        null,
        null,
        null,
        1,
        0,
        null,
        null,
        null,
        null,
        1,
        null,
        null,
        null,
        1,
        0,
        null,
        null,
        null,
        1,
        null,
        null,
        null,
        null,
        1,
        0,
        null,
        0,
        0,
        0,
        0,
        null,
        0,
        0,
        null,
        null,
        null,
        null,
        null,
        null,
        1,
        0,
        0,
        0,
        0,
        null,
        0,
        0,
        null,
        null,
        null,
        null,
        null,
        null,
        1,
        0,
        0,
        0,
        0,
        null,
        null,
        null,
        1,
        null,
        1,
        0,
        null,
        null,
        null,
        1,
        0,
        null,
        null
      ],
      "/home/e6/projetos/ctrl-stock/app/controllers/estados_controller.rb": [
        1,
        1,
        null,
        null,
        null,
        1,
        0,
        null,
        null,
        null,
        null,
        1,
        null,
        null,
        null,
        1,
        0,
        null,
        null,
        null,
        1,
        null,
        null,
        null,
        null,
        1,
        0,
        null,
        0,
        0,
        0,
        0,
        null,
        0,
        0,
        null,
        null,
        null,
        null,
        null,
        null,
        1,
        0,
        0,
        0,
        0,
        null,
        0,
        0,
        null,
        null,
        null,
        null,
        null,
        null,
        1,
        0,
        0,
        0,
        0,
        null,
        null,
        null,
        1,
        null,
        1,
        0,
        null,
        null,
        null,
        1,
        0,
        null,
        null
      ],
      "/home/e6/projetos/ctrl-stock/app/controllers/grupo_produtos_controller.rb": [
        1,
        1,
        null,
        null,
        null,
        1,
        0,
        null,
        null,
        null,
        null,
        1,
        null,
        null,
        null,
        1,
        0,
        null,
        null,
        null,
        1,
        null,
        null,
        null,
        null,
        1,
        0,
        null,
        0,
        0,
        0,
        0,
        null,
        0,
        0,
        null,
        null,
        null,
        null,
        null,
        null,
        1,
        0,
        0,
        0,
        0,
        null,
        0,
        0,
        null,
        null,
        null,
        null,
        null,
        null,
        1,
        0,
        0,
        0,
        0,
        null,
        null,
        null,
        1,
        null,
        1,
        0,
        null,
        null,
        null,
        1,
        0,
        null,
        null
      ],
      "/home/e6/projetos/ctrl-stock/app/controllers/movimentacaos_controller.rb": [
        1,
        1,
        null,
        null,
        null,
        1,
        0,
        null,
        null,
        null,
        null,
        1,
        null,
        null,
        null,
        1,
        0,
        null,
        null,
        null,
        1,
        null,
        null,
        null,
        null,
        1,
        0,
        null,
        0,
        0,
        0,
        0,
        null,
        0,
        0,
        null,
        null,
        null,
        null,
        null,
        null,
        1,
        0,
        0,
        0,
        0,
        null,
        0,
        0,
        null,
        null,
        null,
        null,
        null,
        null,
        1,
        0,
        0,
        0,
        0,
        null,
        null,
        null,
        1,
        null,
        1,
        0,
        null,
        null,
        null,
        1,
        0,
        null,
        null
      ],
      "/home/e6/projetos/ctrl-stock/app/controllers/operacaos_controller.rb": [
        1,
        1,
        null,
        null,
        null,
        1,
        0,
        null,
        null,
        null,
        null,
        1,
        null,
        null,
        null,
        1,
        0,
        null,
        null,
        null,
        1,
        null,
        null,
        null,
        null,
        1,
        0,
        null,
        0,
        0,
        0,
        0,
        null,
        0,
        0,
        null,
        null,
        null,
        null,
        null,
        null,
        1,
        0,
        0,
        0,
        0,
        null,
        0,
        0,
        null,
        null,
        null,
        null,
        null,
        null,
        1,
        0,
        0,
        0,
        0,
        null,
        null,
        null,
        1,
        null,
        1,
        0,
        null,
        null,
        null,
        1,
        0,
        null,
        null
      ],
      "/home/e6/projetos/ctrl-stock/app/controllers/pessoas_controller.rb": [
        1,
        1,
        null,
        null,
        null,
        1,
        0,
        null,
        null,
        null,
        null,
        1,
        null,
        null,
        null,
        1,
        0,
        null,
        null,
        null,
        1,
        null,
        null,
        null,
        null,
        1,
        0,
        null,
        0,
        0,
        0,
        0,
        null,
        0,
        0,
        null,
        null,
        null,
        null,
        null,
        null,
        1,
        0,
        0,
        0,
        0,
        null,
        0,
        0,
        null,
        null,
        null,
        null,
        null,
        null,
        1,
        0,
        0,
        0,
        0,
        null,
        null,
        null,
        1,
        null,
        1,
        0,
        null,
        null,
        null,
        1,
        0,
        null,
        null
      ],
      "/home/e6/projetos/ctrl-stock/app/controllers/produtos_controller.rb": [
        1,
        1,
        null,
        null,
        null,
        1,
        0,
        null,
        null,
        null,
        null,
        1,
        null,
        null,
        null,
        1,
        0,
        null,
        null,
        null,
        1,
        null,
        null,
        null,
        null,
        1,
        0,
        null,
        0,
        0,
        0,
        0,
        null,
        0,
        0,
        null,
        null,
        null,
        null,
        null,
        null,
        1,
        0,
        0,
        0,
        0,
        null,
        0,
        0,
        null,
        null,
        null,
        null,
        null,
        null,
        1,
        0,
        0,
        0,
        0,
        null,
        null,
        null,
        1,
        null,
        1,
        0,
        null,
        null,
        null,
        1,
        0,
        null,
        null
      ],
      "/home/e6/projetos/ctrl-stock/app/controllers/unidades_controller.rb": [
        1,
        1,
        null,
        null,
        null,
        1,
        0,
        null,
        null,
        null,
        null,
        1,
        null,
        null,
        null,
        1,
        0,
        null,
        null,
        null,
        1,
        null,
        null,
        null,
        null,
        1,
        0,
        null,
        0,
        0,
        0,
        0,
        null,
        0,
        0,
        null,
        null,
        null,
        null,
        null,
        null,
        1,
        0,
        0,
        0,
        0,
        null,
        0,
        0,
        null,
        null,
        null,
        null,
        null,
        null,
        1,
        0,
        0,
        0,
        0,
        null,
        null,
        null,
        1,
        null,
        1,
        0,
        null,
        null,
        null,
        1,
        0,
        null,
        null
      ],
      "/home/e6/projetos/ctrl-stock/app/jobs/application_job.rb": [
        1,
        null
      ],
      "/home/e6/projetos/ctrl-stock/app/mailers/application_mailer.rb": [
        1,
        1,
        1,
        null
      ],
      "/home/e6/projetos/ctrl-stock/app/models/application_record.rb": [
        1,
        1,
        null
      ],
      "/home/e6/projetos/ctrl-stock/app/models/cidade.rb": [
        1,
        1,
        1,
        null
      ],
      "/home/e6/projetos/ctrl-stock/app/models/endereco.rb": [
        1,
        1,
        1,
        null
      ],
      "/home/e6/projetos/ctrl-stock/app/models/estado.rb": [
        1,
        1,
        1,
        1,
        null
      ],
      "/home/e6/projetos/ctrl-stock/app/models/grupo_produto.rb": [
        1,
        1,
        1,
        null
      ],
      "/home/e6/projetos/ctrl-stock/app/models/movimentacao.rb": [
        1,
        1,
        1,
        1,
        null,
        1,
        1,
        1,
        null,
        1,
        0,
        null,
        null,
        null
      ],
      "/home/e6/projetos/ctrl-stock/app/models/operacao.rb": [
        1,
        1,
        null,
        1,
        null
      ],
      "/home/e6/projetos/ctrl-stock/app/models/pessoa.rb": [
        1,
        1,
        null,
        1,
        null
      ],
      "/home/e6/projetos/ctrl-stock/app/models/produto.rb": [
        1,
        1,
        1,
        null,
        1,
        1,
        null
      ],
      "/home/e6/projetos/ctrl-stock/app/models/unidade.rb": [
        1,
        1,
        1,
        null
      ],
      "/home/e6/projetos/ctrl-stock/app/services/controle_estoque_service.rb": [
        1,
        1,
        0,
        null,
        null,
        1,
        0,
        null,
        null,
        1,
        0,
        null,
        null,
        1,
        0,
        null,
        null,
        1,
        0,
        0,
        0,
        0,
        null,
        null,
        1,
        0,
        null,
        null,
        1,
        0,
        0,
        null,
        null,
        1,
        0,
        0,
        null,
        null,
        1,
        0,
        null,
        null,
        0,
        0,
        null,
        null
      ],
      "/home/e6/projetos/ctrl-stock/spec/factories/cidades.rb": [
        1,
        1,
        1,
        null,
        1,
        null,
        null
      ],
      "/home/e6/projetos/ctrl-stock/spec/factories/enderecos.rb": [
        1,
        1,
        1,
        1,
        1,
        1,
        null,
        1,
        null,
        null
      ],
      "/home/e6/projetos/ctrl-stock/spec/factories/estados.rb": [
        1,
        1,
        1,
        null,
        null
      ],
      "/home/e6/projetos/ctrl-stock/spec/factories/grupo_produtos.rb": [
        1,
        1,
        1,
        null,
        null
      ],
      "/home/e6/projetos/ctrl-stock/spec/factories/movimentacoes.rb": [
        1,
        1,
        1,
        1,
        null,
        1,
        1,
        1,
        null,
        null,
        1,
        1,
        1,
        null,
        1,
        1,
        1,
        null,
        null,
        1,
        1,
        1,
        null,
        1,
        1,
        1,
        null,
        null,
        1,
        1,
        1,
        null,
        1,
        1,
        1,
        null,
        null
      ],
      "/home/e6/projetos/ctrl-stock/spec/factories/operacaos.rb": [
        1,
        1,
        1,
        1,
        null,
        null
      ],
      "/home/e6/projetos/ctrl-stock/spec/factories/pessoas.rb": [
        1,
        1,
        1,
        1,
        1,
        null,
        1,
        null,
        null
      ],
      "/home/e6/projetos/ctrl-stock/spec/factories/produtos.rb": [
        1,
        1,
        1,
        null,
        1,
        1,
        null,
        null
      ],
      "/home/e6/projetos/ctrl-stock/spec/factories/unidades.rb": [
        1,
        1,
        1,
        1,
        null,
        null
      ],
      "/home/e6/projetos/ctrl-stock/config/routes.rb": [
        1,
        1,
        1,
        1,
        1,
        1,
        1,
        1,
        1,
        1,
        null,
        null
      ],
      "/home/e6/projetos/ctrl-stock/spec/models/endereco_spec.rb": [
        1,
        null,
        1,
        1,
        2,
        null,
        2,
        2,
        2,
        2,
        null,
        null
      ],
      "/home/e6/projetos/ctrl-stock/spec/models/estado_spec.rb": [
        1,
        null,
        1,
        1,
        2,
        2,
        2,
        null,
        null
      ],
      "/home/e6/projetos/ctrl-stock/spec/models/grupo_produto_spec.rb": [
        1,
        null,
        1,
        1,
        2,
        2,
        null,
        null
      ],
      "/home/e6/projetos/ctrl-stock/spec/models/movimentacao_spec.rb": [
        1,
        null,
        1,
        1,
        2,
        2,
        2,
        null,
        2,
        2,
        2,
        2,
        2,
        2,
        null,
        null
      ],
      "/home/e6/projetos/ctrl-stock/spec/models/operacao_spec.rb": [
        1,
        null,
        1,
        1,
        2,
        2,
        1,
        1,
        null,
        null,
        2,
        null,
        null
      ],
      "/home/e6/projetos/ctrl-stock/spec/models/pessoa_spec.rb": [
        1,
        null,
        1,
        1,
        2,
        2,
        2,
        2,
        2,
        null,
        null
      ],
      "/home/e6/projetos/ctrl-stock/spec/models/produto_spec.rb": [
        1,
        null,
        1,
        1,
        2,
        2,
        null,
        null
      ],
      "/home/e6/projetos/ctrl-stock/spec/models/unidade_spec.rb": [
        1,
        null,
        1,
        1,
        2,
        2,
        2,
        null,
        null
      ]
    },
    "timestamp": 1575341274
  }
}
